Dec 25 00:52 : update: added Juma/02-cinq_g-spa_day.mp3
Dec 25 00:52 : update: added Juma/11-cinq_g-jejejejeje.mp3
Dec 25 00:52 : update: added Juma/04-cinq_g-tu_musisz_zostac.mp3
Dec 25 00:52 : update: added Juma/10-cinq_g-niedobry_riddim.mp3
Dec 25 00:52 : update: added Juma/03-cinq_g-czy_cos_cie_wkurcza.mp3
Dec 25 00:52 : update: added Juma/12-cinq_g-topole_walki.mp3
Dec 25 00:52 : update: added Juma/07-cinq_g-polak_mody.mp3
Dec 25 00:52 : update: added Juma/06-cinq_g-juma.mp3
Dec 25 00:52 : update: added Juma/08-cinq_g-piosenka_izrael_ska.mp3
Dec 25 00:52 : update: added Juma/01-cinq_g-to_pole_walki.mp3
Dec 25 00:52 : update: added Juma/09-cinq_g-co_bylo_wczoraj.mp3
Dec 25 00:52 : update: added Juma/05-cinq_g-chuligani_milosci.mp3
Dec 25 00:52 : update: added Mocna Czwórka/12 Operator Że.mp3
Dec 25 00:52 : update: added Mocna Czwórka/08 Czytaj Senk Że.mp3
Dec 25 00:52 : update: added Mocna Czwórka/11 Niech to Frunie (Wersja B.A.R.T.O.).mp3
Dec 25 00:52 : update: added Mocna Czwórka/01 O Januszku!.mp3
Dec 25 00:52 : update: added Mocna Czwórka/04 Obudź Mnie.mp3
Dec 25 00:52 : update: added Mocna Czwórka/06 Higiena.mp3
Dec 25 00:52 : update: added Mocna Czwórka/05 Farmacja Zła.mp3
Dec 25 00:52 : update: added Mocna Czwórka/03 Wielbłąd.mp3
Dec 25 00:52 : update: added Mocna Czwórka/02 Właściwe Pi.mp3
Dec 25 00:52 : update: added Mocna Czwórka/13 Wawela Funk.mp3
Dec 25 00:52 : update: added Mocna Czwórka/07 Aria Avaria.mp3
Dec 25 00:52 : update: added Mocna Czwórka/09 Muzyczny Elektrowstrząs.mp3
Dec 25 00:52 : update: added Mocna Czwórka/14 Bonus Track.mp3
Dec 25 00:52 : update: added Mocna Czwórka/10 Alkopolizm.mp3
Dec 25 00:52 : update: added DF music/423736_ultimatewhimsyoverturefix.mp3
Dec 25 00:52 : update: added DF music/419488_Catacombs_Of_Valhalla.mp3
Dec 25 00:52 : update: added DF music/399596_Quest___Overworld_Theme_1.mp3
Dec 25 00:52 : update: added DF music/10s_silence.mp3
Dec 25 00:52 : update: added DF music/384438_One_Eternal_Dream.mp3
Dec 25 00:52 : update: added DF music/433242_Times__only_moment.mp3
Dec 25 00:52 : update: added Cztery i pół/13 - Łona i Webber - Cztery i pół - Bez mapy.mp3
Dec 25 00:52 : update: added Cztery i pół/01 - Łona i Webber - Cztery i pół - Ł.O.N.A..mp3
Dec 25 00:52 : update: added Cztery i pół/14 - Łona i Webber - Cztery i pół - Nie wygłupiaj się.mp3
Dec 25 00:52 : update: added Cztery i pół/02 - Łona i Webber - Cztery i pół - Patrz szerzej.mp3
Dec 25 00:52 : update: added Cztery i pół/11 - Łona i Webber - Cztery i pół - To nic nie znaczy.mp3
Dec 25 00:52 : update: added Cztery i pół/10 - Łona i Webber - Cztery i pół - 10 (gościnnie Rymek, SR).mp3
Dec 25 00:52 : update: added Cztery i pół/06 - Łona i Webber - Cztery i pół - Kończ tę rozmowę! (honyszke kojok).mp3
Dec 25 00:52 : update: added Cztery i pół/07 - Łona i Webber - Cztery i pół - Kaloryfer.mp3
Dec 25 00:52 : update: added Cztery i pół/03 - Łona i Webber - Cztery i pół - Nie ma nas.mp3
Dec 25 00:52 : update: added Cztery i pół/08 - Łona i Webber - Cztery i pół - Święty spokój.mp3
Dec 25 00:52 : update: added Cztery i pół/05 - Łona i Webber - Cztery i pół - Nie pytaj nas.mp3
Dec 25 00:52 : update: added Cztery i pół/04 - Łona i Webber - Cztery i pół - Szkoda zachodu.mp3
Dec 25 00:52 : update: added Cztery i pół/09 - Łona i Webber - Cztery i pół - Jesteśmy w kontakcie.mp3
Dec 25 00:52 : update: added Cztery i pół/12 - Łona i Webber - Cztery i pół - Nocny ekspres.mp3
Dec 25 00:52 : update: added Throwdown EP/Fox Stevenson - All In.mp3
Dec 25 00:52 : update: added Throwdown EP/Fox Stevenson - Double Up.mp3
Dec 25 00:52 : update: added Throwdown EP/Fox Stevenson - Manage.mp3
Dec 25 00:52 : update: added Throwdown EP/Fox Stevenson - Throwdown.mp3
Dec 25 00:52 : update: added Throwdown EP/Fox Stevenson - High Five.mp3
Dec 25 00:52 : update: added The Heist/09 White Walls (feat. ScHoolboy Q &.mp3
Dec 25 00:52 : update: added The Heist/13 Gold (feat. Eighty4 Fly).mp3
Dec 25 00:52 : update: added The Heist/18 Victory Lap.mp3
Dec 25 00:52 : update: added The Heist/15 Cowboy Boots.mp3
Dec 25 00:52 : update: added The Heist/06 Make the Money.mp3
Dec 25 00:52 : update: added The Heist/04 Thin Line (feat. Buffalo Madonna).mp3
Dec 25 00:52 : update: added The Heist/03 Thrift Shop (feat. Wanz).mp3
Dec 25 00:52 : avahi: Service 'Music Player' successfully established.
Dec 25 00:52 : update: added The Heist/10 Jimmy Iovine (feat. Ab-Soul).mp3
Dec 25 00:52 : update: added The Heist/08 BomBom (feat. The Teaching).mp3
Dec 25 00:52 : update: added The Heist/07 Neon Cathedral (feat. Allen Stone.mp3
Dec 25 00:52 : update: added The Heist/01 Ten Thousand Hours.mp3
Dec 25 00:52 : update: added The Heist/11 Wing$.mp3
Dec 25 00:52 : update: added The Heist/12 A Wake (feat. Evan Roman).mp3
Dec 25 00:52 : update: added The Heist/17 My Oh My.mp3
Dec 25 00:52 : update: added The Heist/02 Can't Hold Us (feat. Ray Dalton).mp3
Dec 25 00:52 : update: added The Heist/05 Same Love (feat. Mary Lambert).mp3
Dec 25 00:52 : update: added The Heist/16 Castle.mp3
Dec 25 00:52 : update: added The Heist/14 Starting Over (feat. Ben Bridwell.mp3
Dec 25 00:52 : update: added Soul/07  Seal - If You Don't Know Me By Now.mp3
Dec 25 00:52 : update: added Soul/11  Seal - Stand By Me.mp3
Dec 25 00:52 : update: added Soul/08  Seal - Knock On Wood.mp3
Dec 25 00:52 : update: added Soul/10  Seal - Free.mp3
Dec 25 00:52 : update: added Soul/06  Seal - It's Alright.mp3
Dec 25 00:52 : ffmpeg/avi: non-interleaved AVI
Dec 25 00:52 : update: added Soul/Seal - A Change Is Gonna Come [2008][SkidVid]_XviD.avi
Dec 25 00:52 : update: added Soul/05  Seal - I've Been Loving You Too Long.mp3
Dec 25 00:52 : update: added Soul/12  Seal - People Get Ready.mp3
Dec 25 00:52 : update: added Soul/04  Seal - Here I Am [Come And Take Me].mp3
Dec 25 00:52 : update: added Soul/03  Seal - It's A Man's Man's Man's World.mp3
Dec 25 00:52 : update: added Soul/01  Seal - A Change Is Gonna Come.mp3
Dec 25 00:52 : update: added Soul/02  Seal - I Can't Stand The Rain.mp3
Dec 25 00:52 : update: added Soul/09  Seal - I'm Still In Love With You.mp3
Dec 25 00:52 : update: added Distant Relatives/10-nas_and_damian_marley-nah_mean-whoa.mp3
Dec 25 00:52 : update: added Distant Relatives/13-nas_and_damian_marley-africa_must_wake_up_(featuring_knaan)-whoa.mp3
Dec 25 00:52 : update: added Distant Relatives/09-nas_and_damian_marley-in_his_own_words_(featuring_stephen_marley)-whoa.mp3
Dec 25 00:52 : update: added Distant Relatives/06-nas_and_damian_marley-count_your_blessings-whoa.mp3
Dec 25 00:52 : update: added Distant Relatives/12-nas_and_damian_marley-my_generation_(featuring_lil_wayne)-whoa.mp3
Dec 25 00:52 : update: added Distant Relatives/02-nas_and_damian_marley-tribes_at_war_(featuring_knaan)-whoa.mp3
Dec 25 00:52 : update: added Distant Relatives/07-nas_and_damian_marley-dispear-whoa.mp3
Dec 25 00:52 : update: added Distant Relatives/03-nas_and_damian_marley-strong_will_continue-whoa.mp3
Dec 25 00:52 : update: added Distant Relatives/01-nas_and_damian_marley-as_we_enter-whoa.mp3
Dec 25 00:52 : update: added Distant Relatives/04-nas_and_damian_marley-leaders_(featuring_stephen_marley)-whoa.mp3
Dec 25 00:52 : update: added Distant Relatives/11-nas_and_damian_marley-patience-whoa.mp3
Dec 25 00:52 : update: added Distant Relatives/05-nas_and_damian_marley-friends-whoa.mp3
Dec 25 00:52 : update: added Distant Relatives/08-nas_and_damian_marley-land_of_promise_(featuring_dennis_brown)-whoa.mp3
Dec 25 00:52 : update: added Nowoczesny Hip-Hop vol 2/07. Duże Pe vs Ravager - Muzyka, Mikrofon, Scena (2011 Re-work).mp3
Dec 25 00:52 : update: added Nowoczesny Hip-Hop vol 2/05. Masala - Palce i Zapalnik (Kwazar Remix).mp3
Dec 25 00:52 : update: added Nowoczesny Hip-Hop vol 2/10. Duże Pe vs Sulphur Phuture - Zejście (feat. Weronika Grozdew-Kołacińska).mp3
Dec 25 00:52 : update: added Nowoczesny Hip-Hop vol 2/09. Duże Pe vs P.A.F.F. - Podnieście Ręce.mp3
Dec 25 00:52 : update: added Nowoczesny Hip-Hop vol 2/01. Duże Pe vs Substacja - Wejście (Wersja Legalna).mp3
Dec 25 00:52 : update: added Nowoczesny Hip-Hop vol 2/16. Duże Pe vs Moosak - Na Raz (Senk Że Cover).mp3
Dec 25 00:52 : update: added Nowoczesny Hip-Hop vol 2/04. Duże Pe vs P.A.F.F. - BumBumBum.mp3
Dec 25 00:52 : update: added Nowoczesny Hip-Hop vol 2/02. Duże Pe vs Kwazar & S.W.I.M. - Dzień w Dzień (2011 Re-work).mp3
Dec 25 00:52 : update: added Nowoczesny Hip-Hop vol 2/08. Duże Pe vs P.A.F.F. - Wolny Czas (ref. Earl Jacob).mp3
Dec 25 00:52 : update: added Nowoczesny Hip-Hop vol 2/14. Masala - Obywatele IV Świata (Duże Pe & Kwazar Re-work).mp3
Dec 25 00:52 : update: added Nowoczesny Hip-Hop vol 2/06. Masala - Punkka Masala (Duże Pe & 1000 BPH Re-work).mp3
Dec 25 00:52 : update: added Nowoczesny Hip-Hop vol 2/11. Duże Pe & Irie Maffia - Wiadomość - System Failure.mp3
Dec 25 00:52 : update: added Nowoczesny Hip-Hop vol 2/12. Senk Że - Obudź Mnie.mp3
Dec 25 00:52 : update: added Nowoczesny Hip-Hop vol 2/03. Duże Pe vs Ravager - Problemy (2011 Re-work).mp3
Dec 25 00:52 : update: added Nowoczesny Hip-Hop vol 2/15. Senk Że - Niech To Frunie (Wersja B.A.R.T.O.).mp3
Dec 25 00:52 : update: added Nowoczesny Hip-Hop vol 2/13. Masala - Cały Ten Świat (Duże Pe & Substacja Re-work).mp3
Dec 25 00:52 : update: added Nowoczesny Hip-Hop vol 1/02. Duże Pe - Elo-Kwencja (2011 Re-work).mp3
Dec 25 00:52 : update: added Nowoczesny Hip-Hop vol 1/05. Duże Pe vs Moosak - Na Raz (Senk Że Cover).mp3
Dec 25 00:52 : update: added Nowoczesny Hip-Hop vol 1/08. Duże Pe - Przeżyć W Tej Dżungli (ref. Earl Jacob).mp3
Dec 25 00:52 : update: added Nowoczesny Hip-Hop vol 1/09. Duże Pe - Dobry Panie.mp3
Dec 25 00:52 : update: added Nowoczesny Hip-Hop vol 1/01. Duże Pe - 1az2wa3rzy (2011 Re-work).mp3
Dec 25 00:52 : update: added Nowoczesny Hip-Hop vol 1/03. Duże Pe vs Ravager - Ograniczenia (2011 Re-work).mp3
Dec 25 00:52 : update: added Nowoczesny Hip-Hop vol 1/06. Duże Pe - Ostatniej Nocy (2011 Re-work).mp3
Dec 25 00:52 : update: added Nowoczesny Hip-Hop vol 1/07. Duże Pe - Spontaniczny Telehon.mp3
Dec 25 00:52 : update: added Nowoczesny Hip-Hop vol 1/10. Duże Pe - Uzależniony (2011 Re-work).mp3
Dec 25 00:52 : update: added Nowoczesny Hip-Hop vol 1/04. Duże Pe - Ukojenie (2011 Re-work).mp3
Dec 25 00:52 : update: added Nowoczesny Hip-Hop vol 1/11. Duże Pe & Filip Rudanacja vs Ravager - CZTERY GRAMY.mp3
Dec 25 00:52 : update: added Shrine Of The New Generation Slaves/06. Deprived (Irretrievably Lost Imagination).mp3
Dec 25 00:52 : update: added Shrine Of The New Generation Slaves/04. We Got Used To Us.mp3
Dec 25 00:52 : update: added Shrine Of The New Generation Slaves/05. Feel Like Falling.mp3
Dec 25 00:52 : update: added Shrine Of The New Generation Slaves/08. Coda.mp3
Dec 25 00:52 : update: added Shrine Of The New Generation Slaves/03. Celebrity Touch.mp3
Dec 25 00:52 : update: added Shrine Of The New Generation Slaves/02. The Depth Of Self-Delusion.mp3
Dec 25 00:52 : update: added Shrine Of The New Generation Slaves/01. New Generation Slave.mp3
Dec 25 00:52 : update: added Shrine Of The New Generation Slaves/07. Escalator Shrine.mp3
Dec 25 00:52 : update: added Teraz/08. Te-Tris - Pogz - Lunatyka.mp3
Dec 25 00:52 : update: added Teraz/06. Te-Tris - Pogz - Lista Życzeń (feat. Zeus, Dj Krug).mp3
Dec 25 00:52 : update: added Teraz/02. Te-Tris - Pogz - Strachy.mp3
Dec 25 00:52 : update: added Teraz/10. Te-Tris - Pogz - Ciąg Dalszy.mp3
Dec 25 00:52 : update: added Teraz/14. Te-Tris - Pogz - Ludzie (feat. Grubson).mp3
Dec 25 00:52 : update: added Teraz/03. Te-Tris - Pogz - Fejm (feat. Dj Ike).mp3
Dec 25 00:52 : update: added Teraz/11. Te-Tris - Pogz - Halun (feat. Pyskaty, Rzeznik, Dj Noriz).mp3
Dec 25 00:52 : update: added Teraz/05. Te-Tris - Pogz - Ciary.mp3
Dec 25 00:52 : update: added Teraz/15. Te-Tris - Pogz - Mantry (feat. Reznik).mp3
Dec 25 00:52 : update: added Teraz/12. Te-Tris - Pogz - Chwilove Part 2 (feat. Rzeznik, Dj Flip).mp3
Dec 25 00:52 : update: added Teraz/13. Te-Tris - Pogz - Mam (feat. Rzeznik).mp3
Dec 25 00:52 : update: added Teraz/09. Te-Tris - Pogz - Polywood (feat. Dj Flip).mp3
Dec 25 00:52 : update: added Teraz/01. Te-Tris - Pogz - Dzieci Czasu.mp3
Dec 25 00:52 : update: added Teraz/07. Te-Tris - Pogz - Chwilove Part 1 (feat. Rzeznik, Dj Flip).mp3
Dec 25 00:52 : update: added Teraz/04. Te-Tris - Pogz - Nero (feat. Grizzlee).mp3
Dec 25 00:52 : update: added Turn It Up/03. Let This Go.mp3
Dec 25 00:52 : update: added Turn It Up/04. Better Now.mp3
Dec 25 00:52 : update: added Turn It Up/02. Lightspeed.mp3
Dec 25 00:52 : update: added Turn It Up/01. Turn It Up (Higher).mp3
Dec 25 00:52 : update: added Foxy Shazam/11 Evil Thoughts.mp3
Dec 25 00:52 : update: added Foxy Shazam/14 Some Kind of Love.mp3
Dec 25 00:52 : update: added Foxy Shazam/13 Connect Me.mp3
Dec 25 00:52 : update: added Foxy Shazam/10 With An Axe.mp3
Dec 25 00:52 : update: added Foxy Shazam/02 Bombs Away.mp3
Dec 25 00:52 : update: added Foxy Shazam/05 Unstoppable.mp3
Dec 25 00:52 : update: added Foxy Shazam/07 Bye Bye Symphony.mp3
Dec 25 00:52 : update: added Foxy Shazam/15 You and Me.mp3
Dec 25 00:52 : update: added Foxy Shazam/06 Oh Lord.mp3
Dec 25 00:52 : update: added Foxy Shazam/12 Killin It.mp3
Dec 25 00:52 : update: added Foxy Shazam/03 Wanna Be Angel.mp3
Dec 25 00:52 : update: added Foxy Shazam/01 Intro.mp3
Dec 25 00:52 : update: added Foxy Shazam/09 Teenage Demon Baby.mp3
Dec 25 00:52 : update: added Foxy Shazam/04 Count Me Out.mp3
Dec 25 00:52 : update: added Foxy Shazam/08 Second Floor.mp3
Dec 25 00:52 : update: added Endless EP/02 Trigger.mp3
Dec 25 00:52 : update: added Endless EP/03 Like You.mp3
Dec 25 00:52 : update: added Endless EP/01 Endless.mp3
Dec 25 00:52 : update: added Endless EP/04 Give Them Hell.mp3
Dec 25 00:52 : update: added Savant/Savant - Pirate Bay.mp3
Dec 25 00:52 : update: added Savant/Savant - Kali 47.mp3
Dec 25 00:52 : update: added Savant/Savant - Siren.mp3
Dec 25 00:52 : update: added Savant/Savant - The Arcade.mp3
Dec 25 00:52 : update: added Savant/Savant - Wildstyle.mp3
Dec 25 00:52 : update: added Savant/Savant - Starfish.mp3
Dec 25 00:52 : update: added Savant/Savant - Origin.mp3
Dec 25 00:52 : update: added Savant/Savant - Vario 64.mp3
Dec 25 00:52 : update: added Savant/Savant - Scatman.mp3
Dec 25 00:52 : update: added Wilk chodnikowy/07. Niech czas stanie.mp3
Dec 25 00:52 : update: added Wilk chodnikowy/09. W biegu.mp3
Dec 25 00:52 : update: added Wilk chodnikowy/06. Zawleczki, nakretki, kapsle.mp3
Dec 25 00:52 : update: added Wilk chodnikowy/05. Wnyki.mp3
Dec 25 00:52 : update: added Wilk chodnikowy/14. Banicja.mp3
Dec 25 00:52 : update: added Wilk chodnikowy/08. Trainspotting.mp3
Dec 25 00:52 : update: added Wilk chodnikowy/02. Wilk chodnikowy.mp3
Dec 25 00:52 : update: added Wilk chodnikowy/03. Jestem bestia.mp3
Dec 25 00:52 : update: added Wilk chodnikowy/13. Pollock.mp3
Dec 25 00:52 : update: added Wilk chodnikowy/12. Indygo.mp3
Dec 25 00:52 : update: added Wilk chodnikowy/10. Role playing life.mp3
Dec 25 00:52 : update: added Wilk chodnikowy/11. Glupiomadry.mp3
Dec 25 00:52 : update: added Wilk chodnikowy/04. Carrie.mp3
Dec 25 00:52 : update: added Wilk chodnikowy/01. Zew.mp3
Dec 25 00:52 : update: added Shovany Mixtape vol.2/09. WOJNA I POKÓJ + Rak, Diox (So ghetto).mp3
Dec 25 00:52 : update: added Shovany Mixtape vol.2/06.DUSZE + Esdwa (Lost one).mp3
Dec 25 00:52 : update: added Shovany Mixtape vol.2/07.KTOŚ KIEDYŚ GDZIEŚ + Fabuła (Encore).mp3
Dec 25 00:52 : update: added Shovany Mixtape vol.2/11. NIBY NIC + Jazzy, Numer Raz (Feelin’ it).mp3
Dec 25 00:52 : update: added Shovany Mixtape vol.2/04.ULICA PATRZY + Głowa (The street is watching).mp3
Dec 25 00:52 : update: added Shovany Mixtape vol.2/03.SYF + W.E.N.A., Pyskaty (Threat).mp3
Dec 25 00:52 : update: added Shovany Mixtape vol.2/01.INTERLUDIUM (No hook).mp3
Dec 25 00:52 : update: added Shovany Mixtape vol.2/08.SEN + Ras, Reno (Storm remix).mp3
Dec 25 00:52 : update: added Shovany Mixtape vol.2/12. POD SKÓRĄ (D.O.A).mp3
Dec 25 00:52 : update: added Shovany Mixtape vol.2/05.CHŁOPCY POZNAJĄ ŚWIAT + Cira (Run this town).mp3
Dec 25 00:52 : update: added Shovany Mixtape vol.2/02.NASZA FILOZOFIA (P.S.A remix).mp3
Dec 25 00:52 : update: added Shovany Mixtape vol.2/10. MAMY BROŃ + Medium, Pogz (P.S.A).mp3
Dec 25 00:52 : update: added Sinus/07-duze_pe_-_igs_-_dj_spox-para_z_zielonej_herbaty_(ver._2004)_(feat._asia_borecka)-tet.mp3
Dec 25 00:52 : update: added Sinus/11-duze_pe_-_igs_-_dj_spox-ten_dzien_to_dzisiaj_(feat._igs_asia_borecka)-tet.mp3
Dec 25 00:52 : update: added Sinus/09-duze_pe_-_igs_-_dj_spox-taktowani_werblem_sekund_(feat._emil_blef_eldo)-tet.mp3
Dec 25 00:52 : update: added Sinus/06-duze_pe_-_igs_-_dj_spox-603-tet.mp3
Dec 25 00:52 : update: added Sinus/05-duze_pe_-_igs_-_dj_spox-tak_jak_teraz_jest_(futurystyle)_(feat._gutek)-tet.mp3
Dec 25 00:52 : update: added Sinus/03-duze_pe_-_igs_-_dj_spox-nasze_zycie_(feat._mezo)-tet.mp3
Dec 25 00:52 : update: added Sinus/01-duze_pe_-_igs_-_dj_spox-sinus_(jak_introdukcja)-tet.mp3
Dec 25 00:52 : update: added Sinus/10-duze_pe_-_igs_-_dj_spox-zion_(feat._maleo)-tet.mp3
Dec 25 00:52 : update: added Sinus/02-duze_pe_-_igs_-_dj_spox-1az2wa3rzy_(feat._asia_borecka)-tet.mp3
Dec 25 00:52 : update: added Sinus/12-duze_pe_-_igs_-_dj_spox-ojos_de_perro_azul-tet.mp3
Dec 25 00:52 : update: added Sinus/08-duze_pe_-_igs_-_dj_spox-wiadomosc-tet.mp3
Dec 25 00:52 : update: added Sinus/04-duze_pe_-_igs_-_dj_spox-ograniczenia_(feat._rahim)-tet.mp3
Dec 25 00:52 : update: added Burza i napór/Bisz - Sen o wyspie.mp3
Dec 25 00:52 : update: added Burza i napór/Bisz - Outro burzy.mp3
Dec 25 00:52 : update: added Burza i napór/Bisz - Proste życie i dobry rap.mp3
Dec 25 00:52 : update: added Burza i napór/Bisz - Lot ku światłu.mp3
Dec 25 00:52 : update: added Burza i napór/Bisz - Nie jest dobrze.mp3
Dec 25 00:52 : update: added Burza i napór/Bisz - Beef ze światem.mp3
Dec 25 00:52 : update: added Burza i napór/Bisz - Serce musi bić.mp3
Dec 25 00:52 : update: added Burza i napór/Bisz - Raj tuż za rogiem.mp3
Dec 25 00:52 : update: added Burza i napór/Bisz - Intro burzy.mp3
Dec 25 00:52 : update: added Przekrój/17. Happy End And Up Happy Hands (Rozkminy) feat. Ńemy.mp3
Dec 25 00:52 : update: added Przekrój/15. O Karuzeli Życia I Puszystym Sosie Szusów (Rozkminy) feat. Zgas.mp3
Dec 25 00:52 : update: added Przekrój/16. Morał - Instrukcja Obsługi Życia (Rozkminy).mp3
Dec 25 00:52 : update: added Przekrój/03. Co Z Tą Polską (Publicystyka) feat. Pokahontaz, Dawid Szczęsny.mp3
Dec 25 00:52 : update: added Przekrój/09. Sen (Surrealizm) feat. Natalia Grosiak.mp3
Dec 25 00:52 : update: added Przekrój/10. Reżim Pana Cykacza Każdego Równo Mierzy (Refleksja).mp3
Dec 25 00:52 : update: added Przekrój/14. Oda Do Młodości 2013 (Rozkminy) feat. Motion Trio, Buka.mp3
Dec 25 00:52 : update: added Przekrój/07. Porwano Ludzi Z Miasta Stumostów (Surrealizm) feat. Smolik.mp3
Dec 25 00:52 : update: added Przekrój/05. Nibyminipocieszne Psychomaterionety Publicystyka) feat. Rahim.mp3
Dec 25 00:52 : update: added Przekrój/06. O Dziewczynce, Która Urodziła Drukarkę (Surrealizm).mp3
Dec 25 00:52 : update: added Przekrój/02. Pospolite Ruszenie (Publicystyka) feat. Sokół.mp3
Dec 25 00:52 : update: added Przekrój/12. Tyle Było Zmyłek (Refleksja).mp3
Dec 25 00:52 : update: added Przekrój/04. Kto Jest Ostatni (Publicystyka) feat. Abradab.mp3
Dec 25 00:52 : update: added Przekrój/08. Pukagastrofazy Godzina (Surrealizm) feat. Leszek Możdżer, Igor Boxx.mp3
Dec 25 00:52 : update: added Przekrój/11. Hemoglobina (Refleksja) feat. Rahim, Maria Peszek, PMX.mp3
Dec 25 00:52 : update: added Przekrój/01. Dziękuję (Prolog) feat. Rahim, Buka, Vienio, Czesław Śpiewa, Mesajah.mp3
Dec 25 00:52 : update: added Przekrój/13. Kapitan Życiowa Gleba (Refleksja) feat. Cezary Studniak.mp3
Dec 25 00:52 : update: added All This Time EP/02 Out There.mp3
Dec 25 00:52 : update: added All This Time EP/01 All This Time.mp3
Dec 25 00:52 : update: added All This Time EP/04 Crystal.mp3
Dec 25 00:52 : update: added All This Time EP/03 Simple Life.mp3
Dec 25 00:52 : update: added Nic dziwnego/09-lona-nieruchomosci-rcc.mp3
Dec 25 00:52 : update: added Nic dziwnego/10-lona-nie_jest_dobrze-rcc.mp3
Dec 25 00:52 : update: added Nic dziwnego/06-lona-artysto_drogi_ii-rcc.mp3
Dec 25 00:52 : update: added Nic dziwnego/01-lona-dzien_dobry-rcc.mp3
Dec 25 00:52 : update: added Nic dziwnego/12-lona-ballada_o_szlachetnym_czorcie-rcc.mp3
Dec 25 00:52 : update: added Nic dziwnego/04-lona-nie_gadaj_tyle-rcc.mp3
Dec 25 00:52 : update: added Nic dziwnego/03-lona-artysto_drogi_i-rcc.mp3
Dec 25 00:52 : update: added Nic dziwnego/13-lona-dobranoc_-_do_ciebie_aniu_szlem-rcc.mp3
Dec 25 00:52 : update: added Nic dziwnego/05-lona-a_dokad_to_-rcc.mp3
Dec 25 00:52 : update: added Nic dziwnego/11-lona-nic_dziwnego-rcc.mp3
Dec 25 00:52 : update: added Nic dziwnego/08-lona-rez_te_herbe-rcc.mp3
Dec 25 00:52 : update: added Nic dziwnego/07-lona-rozmowy_z_cutem-rcc.mp3
Dec 25 00:52 : update: added Nic dziwnego/02-lona-nie_ufajcie_jarzabkowi-rcc.mp3
Dec 25 00:52 : update: added /01 - 01.mp3
Dec 25 00:52 : update: added Łona, Webber & the Pimps/Łona, Webber & the Pimps W S-1/09 - Rozmowy Z Cutem.mp3
Dec 25 00:52 : update: added Łona, Webber & the Pimps/Łona, Webber & the Pimps W S-1/14 - Panie Mahmudzie.mp3
Dec 25 00:52 : update: added Łona, Webber & the Pimps/Łona, Webber & the Pimps W S-1/07 - Insert.mp3
Dec 25 00:52 : update: added Łona, Webber & the Pimps/Łona, Webber & the Pimps W S-1/02 - Ł.O.n.a..mp3
Dec 25 00:52 : update: added Łona, Webber & the Pimps/Łona, Webber & the Pimps W S-1/12 - Ballada O Szlachetnym Czorcie.mp3
Dec 25 00:52 : update: added Łona, Webber & the Pimps/Łona, Webber & the Pimps W S-1/19 - Do Ciebie, Aniu, Szłem Gościnnie Mateusz Czarnowski.mp3
Dec 25 00:52 : update: added Łona, Webber & the Pimps/Łona, Webber & the Pimps W S-1/01 - Jedziemy Do Was.mp3
Dec 25 00:52 : update: added Łona, Webber & the Pimps/Łona, Webber & the Pimps W S-1/20 - Jesteśmy W Kontakcie.mp3
Dec 25 00:52 : update: added Łona, Webber & the Pimps/Łona, Webber & the Pimps W S-1/18 - To Nic Nie Znaczy.mp3
Dec 25 00:52 : update: added Łona, Webber & the Pimps/Łona, Webber & the Pimps W S-1/05 - My Się Znamy_.mp3
Dec 25 00:52 : update: added Łona, Webber & the Pimps/Łona, Webber & the Pimps W S-1/03 - Nie Ma Nas.mp3
Dec 25 00:52 : update: added Łona, Webber & the Pimps/Łona, Webber & the Pimps W S-1/10 - Patrz Szerzej.mp3
Dec 25 00:52 : update: added Łona, Webber & the Pimps/Łona, Webber & the Pimps W S-1/04 - Rozmowa.mp3
Dec 25 00:52 : update: added Łona, Webber & the Pimps/Łona, Webber & the Pimps W S-1/15 - Kaloryfer.mp3
Dec 25 00:52 : update: added Łona, Webber & the Pimps/Łona, Webber & the Pimps W S-1/13 - Nie Pytaj Nas.mp3
Dec 25 00:52 : update: added Łona, Webber & the Pimps/Łona, Webber & the Pimps W S-1/21 - Konewka.mp3
Dec 25 00:52 : update: added Łona, Webber & the Pimps/Łona, Webber & the Pimps W S-1/08 - Bez Mapy.mp3
Dec 25 00:52 : update: added Łona, Webber & the Pimps/Łona, Webber & the Pimps W S-1/17 - Ą, ę.mp3
Dec 25 00:52 : update: added Łona, Webber & the Pimps/Łona, Webber & the Pimps W S-1/16 - Nocny Ekspres.mp3
Dec 25 00:52 : update: added Łona, Webber & the Pimps/Łona, Webber & the Pimps W S-1/06 - Nie Ufajcie Jarząbkowi.mp3
Dec 25 00:52 : update: added Łona, Webber & the Pimps/Łona, Webber & the Pimps W S-1/11 - 7_4.mp3
Dec 25 00:52 : update: added Absurd i nonsens/09 Łona- Leksykon Brockhausa.mp3
Dec 25 00:52 : update: added Absurd i nonsens/03 Łona- Łonson I Łebsztyk.mp3
Dec 25 00:52 : update: added Absurd i nonsens/07 Łona- Czemu Kiosk.mp3
Dec 25 00:52 : update: added Absurd i nonsens/08 Łona- Miej Wątpliwość.mp3
Dec 25 00:52 : update: added Absurd i nonsens/10 Łona- Martwisz Mnie.mp3
Dec 25 00:52 : update: added Absurd i nonsens/11 Łona- 7-4.mp3
Dec 25 00:52 : update: added Absurd i nonsens/12 Łona- Panie Mahmudzie.mp3
Dec 25 00:52 : update: added Absurd i nonsens/13 Łona- Hipermarket (Remix).mp3
Dec 25 00:52 : update: added Absurd i nonsens/01 Łona- Promomix.mp3
Dec 25 00:52 : update: added Absurd i nonsens/04 Łona- Gdańsk - Szczecin.mp3
Dec 25 00:52 : update: added Absurd i nonsens/02 Łona- Ą, Ę.mp3
Dec 25 00:52 : update: added Absurd i nonsens/06 Łona- Hipermarket.mp3
Dec 25 00:52 : update: added Absurd i nonsens/05 Łona- Hańba, Barbarzyńcy.mp3
Dec 25 00:52 : update: added /J.Viewz - Far Too Close (Pegboard Nerds Remix).mp3
Dec 25 00:52 : update: added /na tacy.mp3
Dec 25 00:52 : update: added Dwuznacznie/tetrock.mp3
Dec 25 00:52 : update: added Dwuznacznie/bez wazeliny (kazdy wers) (feat. o.s.t.r.).mp3
Dec 25 00:52 : update: added Dwuznacznie/chemafi.mp3
Dec 25 00:52 : update: added Dwuznacznie/skr. (feat. milumilu).mp3
Dec 25 00:52 : update: added Dwuznacznie/Dwuznacznie.mp3
Dec 25 00:52 : update: added Dwuznacznie/tam i z powrotem (dookola) (feat. lona.mp3
Dec 25 00:52 : update: added Dwuznacznie/nieodwracalnie (feat. pogz).mp3
Dec 25 00:52 : update: added Dwuznacznie/ideal.mp3
Dec 25 00:52 : update: added Dwuznacznie/zyskistraty (feat. esdwa).mp3
Dec 25 00:52 : update: added Dwuznacznie/portfimao.mp3
Dec 25 00:52 : update: added Dwuznacznie/na tacy.mp3
Dec 25 00:52 : update: added Dwuznacznie/obudz sie (feat. milumilu & panna ania.mp3
Dec 25 00:52 : update: added Dwuznacznie/magnum.mp3
Dec 25 00:52 : update: added Dwuznacznie/my-wy-gramy.mp3
Dec 25 00:52 : update: added Dwuznacznie/autorytet.mp3
Dec 25 00:52 : update: added Dwuznacznie/jeden swiat (feat. w.e.n.a.).mp3
Dec 25 00:52 : update: added Dwuznacznie/mama.mp3
Dec 25 00:52 : update: added Insert/Łona i Webber - Insert [2008] - Świat jest pełen filozofów [Feat. Smarki Smark].mp3
Dec 25 00:52 : update: added Insert/Łona i Webber - Insert [2008] - Co to będzie [Feat. Paco].mp3
Dec 25 00:52 : update: added Insert/Łona i Webber - Insert [2008] - Insert.mp3
Dec 25 00:52 : update: added Insert/Łona i Webber - Insert [2008] - Nic tu po nas [pamięci Jacka Kaczmarskiego].mp3
Dec 25 00:52 : update: added Insert/Łona i Webber - Insert [2008] - Nie zostało nic.mp3
Dec 25 00:52 : update: added Insert/Łona i Webber - Insert [2008] - Bumbox.mp3
Dec 25 00:52 : update: added Costello Music/The Fratellis - Henrietta.mp3
Dec 25 00:52 : update: added Costello Music/The Fratellis - Flathead.mp3
Dec 25 00:52 : update: added Costello Music/The Fratellis - Whistle For The Choir.mp3
Dec 25 00:52 : update: added Costello Music/The Fratellis - Vince The Loveable Stoner.mp3
Dec 25 00:52 : update: added Costello Music/The Fratellis - Chelsea Dagger.mp3
Dec 25 00:52 : update: added Costello Music/The Fratellis - Creepin' Up The Backstairs.mp3
Dec 25 00:52 : update: added Costello Music/The Fratellis - Cuntry Boys And City Girls.mp3
Dec 25 00:52 : update: added Costello Music/The Fratellis - Doginabag.mp3
Dec 25 00:52 : update: added Costello Music/The Fratellis - Got Ma Nuts From A Hippy.mp3
Dec 25 00:52 : update: added Costello Music/The Fratellis - Baby Fratelli.mp3
Dec 25 00:52 : update: added Costello Music/The Fratellis - For The Girl.mp3
Dec 25 00:52 : update: added Costello Music/The Fratellis - Ole Black And Blue Eyes.mp3
Dec 25 00:52 : update: added Costello Music/The Fratellis - Everybody Knows You Cried Last Night.mp3
Note: Illegal Audio-MPEG-Header 0x00000000 at offset 1466.
Note: Trying to resync...
Note: Hit end of (available) data during resync.
Dec 25 00:52 : mpg123: mpg123_getformat() failed: Message: I am done with this track.
Dec 25 00:52 : ffmpeg/mp3: Header missing
Dec 25 00:52 : ffmpeg/mp3: decoding for stream 0 failed
Dec 25 00:52 : ffmpeg/mp3: Could not find codec parameters for stream 0 (Audio: mp3, 0 channels, s16p): unspecified frame size
Consider increasing the value for the 'analyzeduration' and 'probesize' options
Dec 25 00:52 : update: added Kaczmarski - Sarmatia/Elekcja.mp3
Note: Illegal Audio-MPEG-Header 0x00000000 at offset 1466.
Note: Trying to resync...
Note: Hit end of (available) data during resync.
Dec 25 00:52 : mpg123: mpg123_getformat() failed: Message: I am done with this track.
Dec 25 00:52 : ffmpeg/mp3: Header missing
Dec 25 00:52 : ffmpeg/mp3: decoding for stream 0 failed
Dec 25 00:52 : ffmpeg/mp3: Could not find codec parameters for stream 0 (Audio: mp3, 0 channels, s16p): unspecified frame size
Consider increasing the value for the 'analyzeduration' and 'probesize' options
Note: Illegal Audio-MPEG-Header 0x00000000 at offset 1466.
Note: Trying to resync...
Note: Hit end of (available) data during resync.
Dec 25 00:52 : mpg123: mpg123_getformat() failed: Message: I am done with this track.
Dec 25 00:52 : ffmpeg/mp3: Header missing
Dec 25 00:52 : ffmpeg/mp3: decoding for stream 0 failed
Dec 25 00:52 : ffmpeg/mp3: Could not find codec parameters for stream 0 (Audio: mp3, 0 channels, s16p): unspecified frame size
Consider increasing the value for the 'analyzeduration' and 'probesize' options
Dec 25 00:52 : update: added Kaczmarski - Sarmatia/Prosty człowiek.mp3
Note: Illegal Audio-MPEG-Header 0x00000000 at offset 1238.
Note: Trying to resync...
Note: Hit end of (available) data during resync.
Dec 25 00:52 : mpg123: mpg123_getformat() failed: Message: I am done with this track.
Dec 25 00:52 : ffmpeg/mp3: Could not find codec parameters for stream 0 (Audio: mp3, 0 channels, s16p): unspecified frame size
Consider increasing the value for the 'analyzeduration' and 'probesize' options
Note: Illegal Audio-MPEG-Header 0x00000000 at offset 1466.
Note: Trying to resync...
Note: Hit end of (available) data during resync.
Dec 25 00:52 : mpg123: mpg123_getformat() failed: Message: I am done with this track.
Dec 25 00:52 : ffmpeg/mp3: Header missing
Dec 25 00:52 : ffmpeg/mp3: decoding for stream 0 failed
Dec 25 00:52 : ffmpeg/mp3: Could not find codec parameters for stream 0 (Audio: mp3, 0 channels, s16p): unspecified frame size
Consider increasing the value for the 'analyzeduration' and 'probesize' options
Dec 25 00:52 : update: added Kaczmarski - Sarmatia/Warchoł.mp3
Dec 25 00:52 : update: added Kaczmarski - Sarmatia/Rokosz.mp3
Dec 25 00:52 : update: added Kaczmarski - Sarmatia/Z XVI-wiecznym portretem trumiennym rozmowa.mp3
Note: Illegal Audio-MPEG-Header 0x00000000 at offset 1466.
Note: Trying to resync...
Note: Hit end of (available) data during resync.
Dec 25 00:52 : mpg123: mpg123_getformat() failed: Message: I am done with this track.
Dec 25 00:52 : ffmpeg/mp3: Header missing
Dec 25 00:52 : ffmpeg/mp3: decoding for stream 0 failed
Dec 25 00:52 : ffmpeg/mp3: Could not find codec parameters for stream 0 (Audio: mp3, 0 channels, s16p): unspecified frame size
Consider increasing the value for the 'analyzeduration' and 'probesize' options
Dec 25 00:52 : update: added Kaczmarski - Sarmatia/Według Gombrowicza, narodu obrażanie.mp3
Dec 25 00:52 : update: added Kaczmarski - Sarmatia/Dzielnica Żebraków.mp3
Note: Illegal Audio-MPEG-Header 0x00000000 at offset 1466.
Note: Trying to resync...
Note: Hit end of (available) data during resync.
Dec 25 00:52 : mpg123: mpg123_getformat() failed: Message: I am done with this track.
Dec 25 00:52 : ffmpeg/mp3: Header missing
Dec 25 00:52 : ffmpeg/mp3: decoding for stream 0 failed
Dec 25 00:52 : ffmpeg/mp3: Could not find codec parameters for stream 0 (Audio: mp3, 0 channels, s16p): unspecified frame size
Consider increasing the value for the 'analyzeduration' and 'probesize' options
Dec 25 00:52 : update: added Kaczmarski - Sarmatia/Kniazia Jaremy nawrócenie.mp3
Dec 25 00:52 : update: added Kaczmarski - Sarmatia/Dobre rady Pana Ojca.mp3
Dec 25 00:52 : update: added Kaczmarski - Sarmatia/Pobojowisko.mp3
Note: Illegal Audio-MPEG-Header 0x00000000 at offset 1466.
Note: Trying to resync...
Note: Hit end of (available) data during resync.
Dec 25 00:52 : mpg123: mpg123_getformat() failed: Message: I am done with this track.
Dec 25 00:52 : ffmpeg/mp3: Header missing
Dec 25 00:52 : ffmpeg/mp3: decoding for stream 0 failed
Dec 25 00:52 : ffmpeg/mp3: Could not find codec parameters for stream 0 (Audio: mp3, 0 channels, s16p): unspecified frame size
Consider increasing the value for the 'analyzeduration' and 'probesize' options
Dec 25 00:52 : update: added Cisza i Spokój/02-cisza_i_spokoj-cisza_i_spokoj.mp3
Dec 25 00:52 : update: added Cisza i Spokój/05-cisza_i_spokoj-cisza_krzyczy.mp3
Dec 25 00:52 : update: added Cisza i Spokój/08-cisza_i_spokoj-cut-a-strofa_-_muzyka_duszy.mp3
Dec 25 00:52 : update: added Cisza i Spokój/10-cisza_i_spokoj-miejska_poezja.mp3
Dec 25 00:52 : update: added Cisza i Spokój/03-cisza_i_spokoj-zlam_to_sam.mp3
Dec 25 00:52 : update: added Cisza i Spokój/09-cisza_i_spokoj-nie_slysza_mnie_ft._mista_pita_hans.mp3
Dec 25 00:52 : update: added Cisza i Spokój/04-cisza_i_spokoj-uzalezniony.mp3
Dec 25 00:52 : update: added Cisza i Spokój/07-cisza_i_spokoj-dawaj.mp3
Dec 25 00:52 : update: added Cisza i Spokój/06-cisza_i_spokoj-powiedzmy_to.mp3
Dec 25 00:52 : update: added Cisza i Spokój/12-cisza_i_spokoj-szukaja_wyjscia_ft._mista_pita_-_instaluje_sie.mp3
Dec 25 00:52 : update: added Cisza i Spokój/01-cisza_i_spokoj-wejscie - Copy.mp3
Dec 25 00:52 : update: added Cisza i Spokój/11-cisza_i_spokoj-ostatniej_nocy_ft._lilu.mp3
Dec 25 00:52 : update: added Dalekie zbliżenia/05-w.e.n.a.-bez_uczuc_feat._pawel_ejzenberg_malolat.mp3
Dec 25 00:52 : update: added Dalekie zbliżenia/07-w.e.n.a.-jestem_sam_feat._proximite_rasmentalism.mp3
Dec 25 00:52 : update: added Dalekie zbliżenia/09-w.e.n.a.-do_dnia_w_ktorym_feat._wlodi.mp3
Dec 25 00:52 : update: added Dalekie zbliżenia/11-w.e.n.a.-od_do_feat._hades_diox.mp3
Dec 25 00:52 : update: added Dalekie zbliżenia/08-w.e.n.a.-podstawowe_instrukcje.mp3
Dec 25 00:52 : update: added Dalekie zbliżenia/06-w.e.n.a.-dalekie_zblizenia_feat._magdalena_dziegiel.mp3
Dec 25 00:52 : update: added Dalekie zbliżenia/04-w.e.n.a.-zolnierze_fortuny.mp3
Dec 25 00:52 : update: added Dalekie zbliżenia/03-w.e.n.a.-patrz_im_na_rece_feat._vnm_pyskaty.mp3
Dec 25 00:52 : update: added Dalekie zbliżenia/10-w.e.n.a.-wiadomosc_feat._magdalena_dziegiel.mp3
Dec 25 00:52 : update: added Dalekie zbliżenia/13-w.e.n.a.-mijamy_sie_feat._hades.mp3
Dec 25 00:52 : update: added Dalekie zbliżenia/02-w.e.n.a.-dobra_marka.mp3
Dec 25 00:52 : update: added Dalekie zbliżenia/12-w.e.n.a.-dookola.mp3
Dec 25 00:52 : update: added Dalekie zbliżenia/14-w.e.n.a.-to_jest_dla_feat._kay.mp3
Dec 25 00:52 : update: added Dalekie zbliżenia/01-w.e.n.a.-nigdy.mp3
Dec 25 00:52 : update: added Nic się nie stało/L.U.C & Motion Trio - Rymoliryktando 2012.mp3
Dec 25 00:52 : update: added Nic się nie stało/L.U.C & Motion Trio - Jadę Dalej - Autostrady Niczym Połącz Kropki.mp3
Dec 25 00:52 : update: added Nic się nie stało/L.U.C & Motion Trio - Krzta Harmonii.mp3
Dec 25 00:52 : update: added Nic się nie stało/L.U.C & Motion Trio - Józek O. - Inny Aspekt.mp3
Dec 25 00:52 : update: added Nic się nie stało/L.U.C & Motion Trio - 8 Przebudzenie - Iluzji Łąka (feat. Ania Rusowicz).mp3
Dec 25 00:52 : update: added Nic się nie stało/L.U.C & Motion Trio - 9 Przebudzenie - Miasto Harmonii (feat. Ńemy).mp3
Dec 25 00:52 : update: added Nic się nie stało/L.U.C & Motion Trio - Ijoijo.mp3
Dec 25 00:52 : update: added Nic się nie stało/L.U.C & Motion Trio - Leci Ptaszek Świadomości.mp3
Dec 25 00:52 : update: added Nic się nie stało/L.U.C & Motion Trio - Epopeja Codzienności (feat. Vienio).mp3
Dec 25 00:52 : update: added Nic się nie stało/L.U.C & Motion Trio - Nic sie nie stalo.mp3
Dec 25 00:52 : update: added Nic się nie stało/L.U.C & Motion Trio - Oda Do Młodości 2013 (feat. Buka).mp3
Dec 25 00:52 : update: added Nic się nie stało/L.U.C & Motion Trio - Przedmiot Liryczny (feat. Czesław Mozil, Abradab, Vienio).mp3
Dec 25 00:52 : update: added Nic się nie stało/L.U.C & Motion Trio - Regeneracja.mp3
Dec 25 00:52 : update: added Nic się nie stało/L.U.C. & Motion Trio - Intro.mp3
Dec 25 00:52 : update: added Nic się nie stało/L.U.C & Motion Trio - Czuję Harmonii Tętno.mp3
Dec 25 00:52 : update: added Stick2MyNameRight/04-tetris_and_dj_tort-ladeezy-d2t.mp3
Dec 25 00:52 : update: added Stick2MyNameRight/08-tetris_and_dj_tort-najtlajf_2009_(feat._esdwa)-d2t.mp3
Dec 25 00:52 : update: added Stick2MyNameRight/01-tetris_and_dj_tort-intro-d2t.mp3
Dec 25 00:52 : update: added Stick2MyNameRight/07-tetris_and_dj_tort-dawaj_respekt_(suplement)-d2t.mp3
Dec 25 00:52 : update: added Stick2MyNameRight/09-tetris_and_dj_tort-czekalem_dlugo-d2t.mp3
Dec 25 00:52 : update: added Stick2MyNameRight/11-tetris_and_dj_tort-moze_pogadamy-d2t.mp3
Dec 25 00:52 : update: added Stick2MyNameRight/12-tetris_and_dj_tort-nie_przestawaj_(feat._pogo)-d2t.mp3
Dec 25 00:52 : update: added Stick2MyNameRight/05-tetris_and_dj_tort-na_szczyt-d2t.mp3
Dec 25 00:52 : update: added Stick2MyNameRight/03-tetris_and_dj_tort-t-shit-d2t.mp3
Dec 25 00:52 : update: added Stick2MyNameRight/06-tetris_and_dj_tort-dawaj_respekt-d2t.mp3
Dec 25 00:52 : update: added Stick2MyNameRight/13-tetris_and_dj_tort-to_koniec-d2t.mp3
Dec 25 00:52 : update: added Stick2MyNameRight/10-tetris_and_dj_tort-ze_smiercia_mi_nie_do_twarzy-d2t.mp3
Dec 25 00:52 : update: added Stick2MyNameRight/02-tetris_and_dj_tort-stoj_patrz_i_sluchaj-d2t.mp3
Dec 25 00:52 : update: added Lot/TeTris - Lot/02-te-tris-trzeba_zyc.mp3
Dec 25 00:52 : update: added Lot/TeTris - Lot/03-te-tris-ile_moge.mp3
Dec 25 00:52 : update: added Lot/TeTris - Lot/13-te-tris-ostatnim.mp3
Dec 25 00:52 : update: added Lot/TeTris - Lot/01-te-tris-kolejny_raz.mp3
Dec 25 00:52 : update: added Lot/TeTris - Lot/10-te-tris-milosc_i_halas.mp3
Dec 25 00:52 : update: added Lot/TeTris - Lot/04-te-tris-skora.mp3
Dec 25 00:52 : update: added Lot/TeTris - Lot/08-te-tris-teraz_patrz.mp3
Dec 25 00:52 : update: added Lot/TeTris - Lot/07-te-tris-muzyka_moja.mp3
Dec 25 00:52 : update: added Lot/TeTris - Lot/06-te-tris-ogien_i_lod.mp3
Dec 25 00:52 : update: added Lot/TeTris - Lot/14-te-tris-.mp3
Dec 25 00:52 : update: added Lot/TeTris - Lot/05-te-tris-prawo_2021.mp3
Dec 25 00:52 : update: added Lot/TeTris - Lot/12-te-tris-w_imie_nas.mp3
Dec 25 00:52 : update: added Lot/TeTris - Lot/09-te-tris-pstryk_pstryk.mp3
Dec 25 00:52 : update: added Lot/TeTris - Lot/11-te-tris-lot_2011.mp3
Dec 25 00:52 : update: added Celloverse/11. Live and Let Die.mp3
Dec 25 00:52 : update: added Celloverse/09. Wake Me Up.mp3
Dec 25 00:52 : update: added Celloverse/03. Thunderstruck (Intro).mp3
Dec 25 00:52 : update: added Celloverse/10. They Don't Care About Us.mp3
Dec 25 00:52 : update: added Celloverse/08. Time.mp3
Dec 25 00:52 : update: added Celloverse/12. Street Spirit (Fade Out).mp3
Dec 25 00:52 : update: added Celloverse/02. I Will Wait.mp3
Dec 25 00:52 : update: added Celloverse/04. Thunderstruck.mp3
Dec 25 00:52 : update: added Celloverse/13. Celloverse.mp3
Dec 25 00:52 : update: added Celloverse/07. Mombasa.mp3
Dec 25 00:52 : update: added Celloverse/05. Hysteria.mp3
Dec 25 00:52 : update: added Celloverse/01. The Trooper (Overture).mp3
Dec 25 00:52 : update: added Celloverse/06. Shape of My Heart.mp3
Dec 25 00:52 : update: added The Elder Scrolls V Skyrim Original Soundtrack/CD1/02 Jeremy Soule - Awake.mp3
Dec 25 00:52 : update: added The Elder Scrolls V Skyrim Original Soundtrack/CD1/04 Jeremy Soule - Unbroken Road.mp3
Dec 25 00:52 : update: added The Elder Scrolls V Skyrim Original Soundtrack/CD1/05 Jeremy Soule - Ancient Stones.mp3
Dec 25 00:52 : update: added The Elder Scrolls V Skyrim Original Soundtrack/CD1/17 Jeremy Soule - Secunda.mp3
Dec 25 00:52 : update: added The Elder Scrolls V Skyrim Original Soundtrack/CD1/09 Jeremy Soule - Tooth and Claw.mp3
Dec 25 00:52 : update: added The Elder Scrolls V Skyrim Original Soundtrack/CD1/16 Jeremy Soule - Steel on Steel.mp3
Dec 25 00:52 : update: added The Elder Scrolls V Skyrim Original Soundtrack/CD1/18 Jeremy Soule - Imperial Throne.mp3
Dec 25 00:52 : update: added The Elder Scrolls V Skyrim Original Soundtrack/CD1/13 Jeremy Soule - Distant Horizons.mp3
Dec 25 00:52 : update: added The Elder Scrolls V Skyrim Original Soundtrack/CD1/11 Jeremy Soule - Death or Sovngarde.mp3
Dec 25 00:52 : update: added The Elder Scrolls V Skyrim Original Soundtrack/CD1/07 Jeremy Soule - Silent Footsteps.mp3
Dec 25 00:52 : update: added The Elder Scrolls V Skyrim Original Soundtrack/CD1/14 Jeremy Soule - Dawn.mp3
Dec 25 00:52 : update: added The Elder Scrolls V Skyrim Original Soundtrack/CD1/01 Jeremy Soule - Dragonborn.mp3
Dec 25 00:52 : update: added The Elder Scrolls V Skyrim Original Soundtrack/CD1/06 Jeremy Soule - The City Gates.mp3
Dec 25 00:52 : update: added The Elder Scrolls V Skyrim Original Soundtrack/CD1/08 Jeremy Soule - Dragonsreach.mp3
Dec 25 00:52 : update: added The Elder Scrolls V Skyrim Original Soundtrack/CD1/03 Jeremy Soule - From Past to Present.mp3
Dec 25 00:52 : update: added The Elder Scrolls V Skyrim Original Soundtrack/CD1/10 Jeremy Soule - Under an Ancient Sun.mp3
Dec 25 00:52 : update: added The Elder Scrolls V Skyrim Original Soundtrack/CD1/15 Jeremy Soule - The Jerall Mountains.mp3
Dec 25 00:52 : update: added The Elder Scrolls V Skyrim Original Soundtrack/CD1/12 Jeremy Soule - Masser.mp3
Dec 25 00:52 : update: added The Elder Scrolls V Skyrim Original Soundtrack/CD3/10 Jeremy Soule - Seven Thousand Steps.mp3
Dec 25 00:52 : update: added The Elder Scrolls V Skyrim Original Soundtrack/CD3/07 Jeremy Soule - Aurora.mp3
Dec 25 00:52 : update: added The Elder Scrolls V Skyrim Original Soundtrack/CD3/05 Jeremy Soule - Shadows and Echoes.mp3
Dec 25 00:52 : update: added The Elder Scrolls V Skyrim Original Soundtrack/CD3/14 Jeremy Soule - Sky Above, Voice Within.mp3
Dec 25 00:52 : update: added The Elder Scrolls V Skyrim Original Soundtrack/CD3/18 Jeremy Soule - Wind Guide You.mp3
Dec 25 00:52 : update: added The Elder Scrolls V Skyrim Original Soundtrack/CD3/03 Jeremy Soule - Out of the Cold.mp3
Dec 25 00:52 : update: added The Elder Scrolls V Skyrim Original Soundtrack/CD3/16 Jeremy Soule - Shattered Shields.mp3
Dec 25 00:52 : update: added The Elder Scrolls V Skyrim Original Soundtrack/CD3/02 Jeremy Soule - A Chance Meeting.mp3
Dec 25 00:52 : update: added The Elder Scrolls V Skyrim Original Soundtrack/CD3/15 Jeremy Soule - Death in the Darkness.mp3
Dec 25 00:52 : update: added The Elder Scrolls V Skyrim Original Soundtrack/CD3/13 Jeremy Soule - The Gathering Storm.mp3
Dec 25 00:52 : update: added The Elder Scrolls V Skyrim Original Soundtrack/CD3/08 Jeremy Soule - Blood and Steel.mp3
Dec 25 00:52 : update: added The Elder Scrolls V Skyrim Original Soundtrack/CD3/11 Jeremy Soule - Solitude.mp3
Dec 25 00:52 : update: added The Elder Scrolls V Skyrim Original Soundtrack/CD3/01 Jeremy Soule - Before the Storm.mp3
Dec 25 00:52 : update: added The Elder Scrolls V Skyrim Original Soundtrack/CD3/12 Jeremy Soule - Watch the Skies.mp3
Dec 25 00:52 : update: added The Elder Scrolls V Skyrim Original Soundtrack/CD3/06 Jeremy Soule - Caught off Guard.mp3
Dec 25 00:52 : update: added The Elder Scrolls V Skyrim Original Soundtrack/CD3/17 Jeremy Soule - Sovngarde.mp3
Dec 25 00:52 : update: added The Elder Scrolls V Skyrim Original Soundtrack/CD3/09 Jeremy Soule - Towers and Shadows.mp3
Dec 25 00:52 : update: added The Elder Scrolls V Skyrim Original Soundtrack/CD3/04 Jeremy Soule - Around the Fire.mp3
Dec 25 00:52 : update: added The Elder Scrolls V Skyrim Original Soundtrack/CD2/12 Jeremy Soule - Silence Unbroken.mp3
Dec 25 00:52 : update: added The Elder Scrolls V Skyrim Original Soundtrack/CD2/03 Jeremy Soule - Into Darkness.mp3
Dec 25 00:52 : update: added The Elder Scrolls V Skyrim Original Soundtrack/CD2/15 Jeremy Soule - Tundra.mp3
Dec 25 00:52 : update: added The Elder Scrolls V Skyrim Original Soundtrack/CD2/13 Jeremy Soule - Standing Stones.mp3
Dec 25 00:52 : update: added The Elder Scrolls V Skyrim Original Soundtrack/CD2/06 Jeremy Soule - Far Horizons.mp3
Dec 25 00:52 : update: added The Elder Scrolls V Skyrim Original Soundtrack/CD2/04 Jeremy Soule - Kyne's Peace.mp3
Dec 25 00:52 : update: added The Elder Scrolls V Skyrim Original Soundtrack/CD2/11 Jeremy Soule - The White River.mp3
Dec 25 00:52 : update: added The Elder Scrolls V Skyrim Original Soundtrack/CD2/16 Jeremy Soule - Journey's End.mp3
Dec 25 00:52 : update: added The Elder Scrolls V Skyrim Original Soundtrack/CD2/02 Jeremy Soule - Night without Stars.mp3
Dec 25 00:52 : update: added The Elder Scrolls V Skyrim Original Soundtrack/CD2/10 Jeremy Soule - One They Fear.mp3
Dec 25 00:52 : update: added The Elder Scrolls V Skyrim Original Soundtrack/CD2/09 Jeremy Soule - The Streets of Whiterun.mp3
Dec 25 00:52 : update: added The Elder Scrolls V Skyrim Original Soundtrack/CD2/08 Jeremy Soule - The Bannered Mare.mp3
Dec 25 00:52 : update: added The Elder Scrolls V Skyrim Original Soundtrack/CD2/14 Jeremy Soule - Beneath the Ice.mp3
Dec 25 00:52 : update: added The Elder Scrolls V Skyrim Original Soundtrack/CD2/05 Jeremy Soule - Unbound.mp3
Dec 25 00:52 : update: added The Elder Scrolls V Skyrim Original Soundtrack/CD2/01 Jeremy Soule - Frostfall.mp3
Dec 25 00:52 : update: added The Elder Scrolls V Skyrim Original Soundtrack/CD2/07 Jeremy Soule - A Winter's Tale.mp3
Dec 25 00:52 : update: added The Elder Scrolls V Skyrim Original Soundtrack/CD4/cd4 01 Jeremy Soule - Skyrim Atmospheres.mp3
Dec 25 00:52 : update: added Zapiski z życia na terytorium wroga/09-duze_pe_and_kixnare-kixs_jazz.mp3
Dec 25 00:52 : update: added Zapiski z życia na terytorium wroga/08-duze_pe_and_kixnare-prad.mp3
Dec 25 00:52 : update: added Zapiski z życia na terytorium wroga/10-duze_pe_and_kixnare-neuforia.mp3
Dec 25 00:52 : update: added Zapiski z życia na terytorium wroga/07-duze_pe_and_kixnare-ukojenie.mp3
Dec 25 00:52 : update: added Naturalnie/Te Tris - 03 - Magnum.mp3
Dec 25 00:52 : update: added Naturalnie/Te Tris - 08 - Rum.mp3
Dec 25 00:52 : update: added Naturalnie/Te Tris - 02 - Pandemonium.mp3
Dec 25 00:52 : update: added Naturalnie/Te Tris - 09 - Mapoutro.mp3
Dec 25 00:52 : update: added Naturalnie/Te Tris - 01 - Solo.mp3
Dec 25 00:52 : update: added Naturalnie/Te Tris - 07 - Pamiec.mp3
Dec 25 00:52 : update: added Naturalnie/Te Tris - 05 - Naturalnie.mp3
Dec 25 00:52 : update: added Naturalnie/Te Tris - 04 - Psycho gosc Esdwa.mp3
Dec 25 00:52 : update: added Naturalnie/Te Tris - 06 - Tym gosc Trzyker.mp3
Dec 25 00:52 : update: added /02 - 02.mp3
Dec 25 00:52 : update: added Shovany Mixtape/Tetris - Piła.mp3
Dec 25 00:52 : update: added Shovany Mixtape/Tetris - Martwi.mp3
Dec 25 00:52 : update: added Shovany Mixtape/Tetris - Grzech za grzech.mp3
Dec 25 00:52 : update: added Shovany Mixtape/Tetris - I każdy mój fan (Ciech diss).mp3
Dec 25 00:52 : update: added Shovany Mixtape/Tetris - Czujesz mnie.mp3
Dec 25 00:52 : update: added Shovany Mixtape/Tetris - Doktor T.mp3
Dec 25 00:52 : update: added Shovany Mixtape/Tetris - Taki sam.mp3
Dec 25 00:52 : update: added Shovany Mixtape/Tetris - Przez lód.mp3
Dec 25 00:52 : update: added Shovany Mixtape/Tetris - Grlz.mp3
Dec 25 00:52 : update: added Shovany Mixtape/Tetris - Lusi (feat. 3-6).mp3
Dec 25 00:52 : update: added Shovany Mixtape/Tetris - 2k9.mp3
Dec 25 00:52 : update: added Shovany Mixtape/Tetris - Jakbyś nie wiedział.mp3
Dec 25 00:52 : update: added Koniec żartów/Lona - Raperzy Sa Niedobrzy.mp3
Dec 25 00:52 : update: added Koniec żartów/Lona - O, Jak Dobrze (Full Flejwor Rimejk).mp3
Dec 25 00:52 : update: added Koniec żartów/Lona - Wlamywacz.mp3
Dec 25 00:52 : update: added Koniec żartów/Lona - Nic Z Tego Nie Bedzie.mp3
Dec 25 00:52 : update: added Koniec żartów/Lona - Helmut, Rura!.mp3
Dec 25 00:52 : update: added Koniec żartów/Lona - Ja Nagrac 1-Sza Plyte_.mp3
Dec 25 00:52 : update: added Koniec żartów/Lona - Rozterki Mlodego Rapera.mp3
Dec 25 00:52 : update: added Koniec żartów/Lona - Zadnych Gosci.mp3
Dec 25 00:52 : update: added Koniec żartów/Lona - Emilia Chce Spac.mp3
Dec 25 00:52 : update: added Koniec żartów/Lona - Hip-Hop Non Stop.mp3
Dec 25 00:52 : update: added Koniec żartów/Lona - Rozmowa.mp3
Dec 25 00:52 : update: added Koniec żartów/Lona - Fruzki Wola Optymistow.mp3
Dec 25 00:52 : update: added Koniec żartów/Lona - Konewka (Skit).mp3
Dec 25 00:52 : update: added Koniec żartów/Lona - Biznesmen.mp3
Dec 25 00:52 : update: added Koniec żartów/Lona - Badzmy Powazni (Skit).mp3
Dec 25 00:52 : update: added Koniec żartów/Lona - My Sie Znamy_.mp3
